<?xml version="1.0" encoding="UTF-8"?>
<testsuite name="de.schildbach.wallet.util.FormatsTest" tests="2" skipped="0" failures="0" errors="0" timestamp="2018-01-04T16:59:51" hostname="debian-droid-dev" time="0.041">
  <properties/>
  <testcase name="monetarySpannable" classname="de.schildbach.wallet.util.FormatsTest" time="0.035"/>
  <testcase name="maybeRemoveOuterHtmlParagraph" classname="de.schildbach.wallet.util.FormatsTest" time="0.002"/>
  <system-out><![CDATA[]]></system-out>
  <system-err><![CDATA[]]></system-err>
</testsuite>
